<?xml version="1.0" encoding="UTF-8"?>
<!-- Generated by org.testng.reporters.JUnitXMLReporter -->
<testsuite ignored="4" hostname="ALORA.local" failures="1" tests="2" name="Default test(failed)" time="33.044" errors="0" timestamp="2024-03-30T18:55:41 IST">
  <testcase classname="testcases.InventoryPageTest" name="verifyInventoryPageFbLogoTest" time="0.076"/>
  <testcase classname="testcases.InventoryPageTest" name="verifyInventoryPageTwitterLogoTest" time="0.071">
    <failure type="java.lang.AssertionError" message="expected [false] but found [true]">
      <![CDATA[java.lang.AssertionError: expected [false] but found [true]
at testcases.InventoryPageTest.verifyInventoryPageTwitterLogoTest(InventoryPageTest.java:42)
at java.base/java.util.ArrayList.forEach(ArrayList.java:1511)
... Removed 32 stack frames]]>
    </failure>
  </testcase> <!-- verifyInventoryPageTwitterLogoTest -->
  <testcase classname="testcases.InventoryPageTest" name="verifyInventoryPageProductLabelTest" time="0.0">
    <ignored/>
  </testcase> <!-- verifyInventoryPageProductLabelTest -->
  <testcase classname="testcases.InventoryPageTest" name="remove2ProductTest" time="0.0">
    <ignored/>
  </testcase> <!-- remove2ProductTest -->
  <testcase classname="testcases.InventoryPageTest" name="verifyInventoryPageLinkedInLogoTest" time="0.0">
    <ignored/>
  </testcase> <!-- verifyInventoryPageLinkedInLogoTest -->
  <testcase classname="testcases.InventoryPageTest" name="add6ProductsTest" time="0.0">
    <ignored/>
  </testcase> <!-- add6ProductsTest -->
</testsuite> <!-- Default test(failed) -->
